<?xml version="1.0" encoding="UTF-8"?>
<!-- Generated by org.testng.reporters.JUnitXMLReporter -->
<testsuite hostname="hp" ignored="0" name="Default test" tests="4" failures="0" timestamp="2020-01-27T05:33:19 IST" time="13.738" errors="0">
  <testcase name="freeCRM_test_text" time="0.523" classname="com.FreeCRM.Test_Classes.FreeCRM_Page_Test_TC_001"/>
  <testcase name="freeCrm_Signup_link" time="0.106" classname="com.FreeCRM.Test_Classes.FreeCRM_Page_Test_TC_001"/>
  <testcase name="freeCrm_getTitle" time="0.017" classname="com.FreeCRM.Test_Classes.FreeCRM_Page_Test_TC_001"/>
  <testcase name="freeCrm_test_currentURL" time="0.016" classname="com.FreeCRM.Test_Classes.FreeCRM_Page_Test_TC_001"/>
</testsuite> <!-- Default test -->
