<?xml version="1.0" encoding="UTF-8"?>
<!-- Generated by org.testng.reporters.JUnitXMLReporter -->
<testsuite hostname="hp" ignored="0" name="FreeCRM Test Cases" tests="4" failures="0" timestamp="2020-01-29T05:43:00 IST" time="95.162" errors="0">
  <testcase name="freeCRM_test_text" time="23.767" classname="com.FreeCRM.Test_Classes.FreeCRM_Page_Test"/>
  <testcase name="freeCrm_Signup_link" time="0.093" classname="com.FreeCRM.Test_Classes.FreeCRM_Page_Test"/>
  <testcase name="freeCrm_getTitle" time="0.023" classname="com.FreeCRM.Test_Classes.FreeCRM_Page_Test"/>
  <testcase name="freeCrm_test_currentURL" time="0.017" classname="com.FreeCRM.Test_Classes.FreeCRM_Page_Test"/>
</testsuite> <!-- FreeCRM Test Cases -->
