<?xml version="1.0" encoding="UTF-8"?>
<!-- Generated by org.testng.reporters.JUnitXMLReporter -->
<testsuite hostname="hp" ignored="0" name="FreeCRM Test Cases" tests="4" failures="0" timestamp="2020-01-29T05:46:38 IST" time="70.728" errors="0">
  <testcase name="freeCRM_test_text" time="5.183" classname="com.FreeCRM.Test_Classes.FreeCRM_Page_Test"/>
  <testcase name="freeCrm_Signup_link" time="0.101" classname="com.FreeCRM.Test_Classes.FreeCRM_Page_Test"/>
  <testcase name="freeCrm_getTitle" time="0.042" classname="com.FreeCRM.Test_Classes.FreeCRM_Page_Test"/>
  <testcase name="freeCrm_test_currentURL" time="0.118" classname="com.FreeCRM.Test_Classes.FreeCRM_Page_Test"/>
</testsuite> <!-- FreeCRM Test Cases -->
