<?xml version="1.0" encoding="UTF-8"?>
<testng-results skipped="0" failed="0" ignored="0" total="4" passed="4">
  <reporter-output>
  </reporter-output>
  <suite name="FreeCRM Application Test Automation Test Suite" duration-ms="70728" started-at="2020-01-29T05:45:17 IST" finished-at="2020-01-29T05:46:28 IST">
    <groups>
    </groups>
    <test name="FreeCRM Test Cases" duration-ms="70728" started-at="2020-01-29T05:45:17 IST" finished-at="2020-01-29T05:46:28 IST">
      <class name="com.FreeCRM.Test_Classes.FreeCRM_Page_Test">
        <test-method status="PASS" signature="setup()[pri:0, instance:com.FreeCRM.Test_Classes.FreeCRM_Page_Test@132ddbab]" name="setup" is-config="true" duration-ms="53368" started-at="2020-01-29T05:45:18 IST" finished-at="2020-01-29T05:46:11 IST">
          <reporter-output>
          </reporter-output>
        </test-method> <!-- setup -->
        <test-method status="PASS" signature="freeCRM_test_text()[pri:1, instance:com.FreeCRM.Test_Classes.FreeCRM_Page_Test@132ddbab]" name="freeCRM_test_text" duration-ms="5183" started-at="2020-01-29T05:46:12 IST" description="Verifying the Link &amp; Text in the FreeCRM Page" finished-at="2020-01-29T05:46:17 IST">
          <reporter-output>
          </reporter-output>
        </test-method> <!-- freeCRM_test_text -->
        <test-method status="PASS" signature="freeCrm_Signup_link()[pri:2, instance:com.FreeCRM.Test_Classes.FreeCRM_Page_Test@132ddbab]" name="freeCrm_Signup_link" duration-ms="101" started-at="2020-01-29T05:46:25 IST" description="Verifying the Sign up link in the Page" finished-at="2020-01-29T05:46:25 IST">
          <reporter-output>
          </reporter-output>
        </test-method> <!-- freeCrm_Signup_link -->
        <test-method status="PASS" signature="freeCrm_getTitle()[pri:3, instance:com.FreeCRM.Test_Classes.FreeCRM_Page_Test@132ddbab]" name="freeCrm_getTitle" duration-ms="42" started-at="2020-01-29T05:46:25 IST" description="Getting &amp; Verifying Title of the Page" finished-at="2020-01-29T05:46:25 IST">
          <reporter-output>
          </reporter-output>
        </test-method> <!-- freeCrm_getTitle -->
        <test-method status="PASS" signature="freeCrm_test_currentURL()[pri:4, instance:com.FreeCRM.Test_Classes.FreeCRM_Page_Test@132ddbab]" name="freeCrm_test_currentURL" duration-ms="118" started-at="2020-01-29T05:46:26 IST" description="Getting &amp; Verifying the current URL of the Page" finished-at="2020-01-29T05:46:26 IST">
          <reporter-output>
          </reporter-output>
        </test-method> <!-- freeCrm_test_currentURL -->
        <test-method status="PASS" signature="teardown()[pri:0, instance:com.FreeCRM.Test_Classes.FreeCRM_Page_Test@132ddbab]" name="teardown" is-config="true" duration-ms="2179" started-at="2020-01-29T05:46:26 IST" finished-at="2020-01-29T05:46:28 IST">
          <reporter-output>
          </reporter-output>
        </test-method> <!-- teardown -->
      </class> <!-- com.FreeCRM.Test_Classes.FreeCRM_Page_Test -->
    </test> <!-- FreeCRM Test Cases -->
  </suite> <!-- FreeCRM Application Test Automation Test Suite -->
</testng-results>
